#
# There is insufficient memory for the Java Runtime Environment to continue.
# Native memory allocation (mmap) failed to map 132120576 bytes for G1 virtual space
# Possible reasons:
#   The system is out of physical RAM or swap space
#   The process is running with CompressedOops enabled, and the Java Heap may be blocking the growth of the native heap
# Possible solutions:
#   Reduce memory load on the system
#   Increase physical memory or swap space
#   Check if swap backing store is full
#   Decrease Java heap size (-Xmx/-Xms)
#   Decrease number of Java threads
#   Decrease Java thread stack sizes (-Xss)
#   Set larger code cache with -XX:ReservedCodeCacheSize=
#   JVM is running with Unscaled Compressed Oops mode in which the Java heap is
#     placed in the first 4GB address space. The Java Heap base address is the
#     maximum limit for the native heap growth. Please use -XX:HeapBaseMinAddress
#     to set the Java Heap base and to place the Java Heap above 4GB virtual address.
# This output file may be truncated or incomplete.
#
#  Out of Memory Error (os_windows.cpp:3532), pid=124548, tid=98252
#
# JRE version:  (17.0.2+8) (build )
# Java VM: Java HotSpot(TM) 64-Bit Server VM (17.0.2+8-LTS-86, mixed mode, sharing, tiered, compressed oops, compressed class ptrs, g1 gc, windows-amd64)
# No core dump will be written. Minidumps are not enabled by default on client versions of Windows
#

---------------  S U M M A R Y ------------

Command Line: -javaagent:C:\Program Files\JetBrains\IntelliJ IDEA Community Edition 2022.1\lib\idea_rt.jar=65170:C:\Program Files\JetBrains\IntelliJ IDEA Community Edition 2022.1\bin -Dfile.encoding=UTF-8 Gun07._07_StringTrim

Host: 11th Gen Intel(R) Core(TM) i5-1135G7 @ 2.40GHz, 8 cores, 7G,  Windows 11 , 64 bit Build 22000 (10.0.22000.613)
Time: Sat May  7 23:31:21 2022 Turkey Standard Time elapsed time: 0.013668 seconds (0d 0h 0m 0s)

---------------  T H R E A D  ---------------

Current thread (0x000002715a8fdde0):  JavaThread "Unknown thread" [_thread_in_vm, id=98252, stack(0x000000d765800000,0x000000d765900000)]

Stack: [0x000000d765800000,0x000000d765900000]
Native frames: (J=compiled Java code, j=interpreted, Vv=VM code, C=native code)
V  [jvm.dll+0x670baa]
V  [jvm.dll+0x7cfcb4]
V  [jvm.dll+0x7d145e]
V  [jvm.dll+0x7d1ac3]
V  [jvm.dll+0x242bc5]
V  [jvm.dll+0x66dac9]
V  [jvm.dll+0x662412]
V  [jvm.dll+0x300c0b]
V  [jvm.dll+0x3081a6]
V  [jvm.dll+0x357d0e]
V  [jvm.dll+0x357f3f]
V  [jvm.dll+0x2d7ec8]
V  [jvm.dll+0x2d8e34]
V  [jvm.dll+0x7a18c1]
V  [jvm.dll+0x365a91]
V  [jvm.dll+0x780d2c]
V  [jvm.dll+0x3e845f]
V  [jvm.dll+0x3e9f01]
C  [jli.dll+0x527b]
C  [ucrtbase.dll+0x26c0c]
C  [KERNEL32.DLL+0x154e0]
C  [ntdll.dll+0x485b]


---------------  P R O C E S S  ---------------

Threads class SMR info:
_java_thread_list=0x00007ffca4a09858, length=0, elements={
}

Java Threads: ( => current thread )

Other Threads:
  0x000002715a93cd80 GCTaskThread "GC Thread#0" [stack: 0x000000d765900000,0x000000d765a00000] [id=126720]
  0x000002715a94d680 ConcurrentGCThread "G1 Main Marker" [stack: 0x000000d765a00000,0x000000d765b00000] [id=125436]
  0x000002715a94e830 ConcurrentGCThread "G1 Conc#0" [stack: 0x000000d765b00000,0x000000d765c00000] [id=124588]

[error occurred during error reporting (printing all threads), id 0xc0000005, EXCEPTION_ACCESS_VIOLATION (0xc0000005) at pc=0x00007ffca42588a7]

VM state: not at safepoint (not fully initialized)

VM Mutex/Monitor currently owned by a thread:  ([mutex/lock_event])
[0x000002715a8f74c0] Heap_lock - owner thread: 0x000002715a8fdde0

Heap address: 0x0000000083200000, size: 1998 MB, Compressed Oops mode: 32-bit

CDS archive(s) mapped at: [0x0000000000000000-0x0000000000000000-0x0000000000000000), size 0, SharedBaseAddress: 0x0000000800000000, ArchiveRelocationMode: 0.
Narrow klass base: 0x0000000000000000, Narrow klass shift: 0, Narrow klass range: 0x0

GC Precious Log:
<Empty>

Heap:
 garbage-first heap   total 0K, used 0K [0x0000000083200000, 0x0000000100000000)
  region size 1024K, 0 young (0K), 0 survivors (0K)

[error occurred during error reporting (printing heap information), id 0xc0000005, EXCEPTION_ACCESS_VIOLATION (0xc0000005) at pc=0x00007ffca4639f19]

GC Heap History (0 events):
No events

Deoptimization events (0 events):
No events

Classes unloaded (0 events):
No events

Classes redefined (0 events):
No events

Internal exceptions (0 events):
No events

VM Operations (0 events):
No events

Events (1 events):
Event: 0.009 Loaded shared library C:\Program Files\Java\jdk-17.0.2\bin\java.dll


Dynamic libraries:
0x00007ff70b0c0000 - 0x00007ff70b0d0000 	C:\Program Files\Java\jdk-17.0.2\bin\java.exe
0x00007ffced200000 - 0x00007ffced409000 	C:\WINDOWS\SYSTEM32\ntdll.dll
0x00007ffcece50000 - 0x00007ffcecf0d000 	C:\WINDOWS\System32\KERNEL32.DLL
0x00007ffcead20000 - 0x00007ffceb094000 	C:\WINDOWS\System32\KERNELBASE.dll
0x00007ffceab90000 - 0x00007ffceaca1000 	C:\WINDOWS\System32\ucrtbase.dll
0x00007ffce25c0000 - 0x00007ffce25da000 	C:\Program Files\Java\jdk-17.0.2\bin\VCRUNTIME140.dll
0x00007ffcdefc0000 - 0x00007ffcdefd8000 	C:\Program Files\Java\jdk-17.0.2\bin\jli.dll
0x00007ffcebf30000 - 0x00007ffcebfde000 	C:\WINDOWS\System32\ADVAPI32.dll
0x00007ffcecf70000 - 0x00007ffced013000 	C:\WINDOWS\System32\msvcrt.dll
0x00007ffceb880000 - 0x00007ffceb91e000 	C:\WINDOWS\System32\sechost.dll
0x00007ffcebbb0000 - 0x00007ffcebcd0000 	C:\WINDOWS\System32\RPCRT4.dll
0x00007ffcebcf0000 - 0x00007ffcebe9c000 	C:\WINDOWS\System32\USER32.dll
0x00007ffcea6f0000 - 0x00007ffcea716000 	C:\WINDOWS\System32\win32u.dll
0x00007ffcbb490000 - 0x00007ffcbb735000 	C:\WINDOWS\WinSxS\amd64_microsoft.windows.common-controls_6595b64144ccf1df_6.0.22000.120_none_9d947278b86cc467\COMCTL32.dll
0x00007ffcece20000 - 0x00007ffcece49000 	C:\WINDOWS\System32\GDI32.dll
0x00007ffcea900000 - 0x00007ffceaa12000 	C:\WINDOWS\System32\gdi32full.dll
0x00007ffcea860000 - 0x00007ffcea8fd000 	C:\WINDOWS\System32\msvcp_win.dll
0x00007ffcdd490000 - 0x00007ffcdd49a000 	C:\WINDOWS\SYSTEM32\VERSION.dll
0x00007ffcebfe0000 - 0x00007ffcec011000 	C:\WINDOWS\System32\IMM32.DLL
0x00007ffce6fd0000 - 0x00007ffce6fdc000 	C:\Program Files\Java\jdk-17.0.2\bin\vcruntime140_1.dll
0x00007ffcce010000 - 0x00007ffcce09d000 	C:\Program Files\Java\jdk-17.0.2\bin\msvcp140.dll
0x00007ffca3f70000 - 0x00007ffca4b31000 	C:\Program Files\Java\jdk-17.0.2\bin\server\jvm.dll
0x00007ffceb920000 - 0x00007ffceb928000 	C:\WINDOWS\System32\PSAPI.DLL
0x00007ffcde300000 - 0x00007ffcde333000 	C:\WINDOWS\SYSTEM32\WINMM.dll
0x00007ffccf690000 - 0x00007ffccf699000 	C:\WINDOWS\SYSTEM32\WSOCK32.dll
0x00007ffceb810000 - 0x00007ffceb87f000 	C:\WINDOWS\System32\WS2_32.dll
0x00007ffce98e0000 - 0x00007ffce98f8000 	C:\WINDOWS\SYSTEM32\kernel.appcore.dll
0x00007ffce6f90000 - 0x00007ffce6f9a000 	C:\Program Files\Java\jdk-17.0.2\bin\jimage.dll
0x00007ffce7ba0000 - 0x00007ffce7dc1000 	C:\WINDOWS\SYSTEM32\DBGHELP.DLL
0x00007ffcce5b0000 - 0x00007ffcce5e1000 	C:\WINDOWS\SYSTEM32\dbgcore.DLL
0x00007ffcea720000 - 0x00007ffcea79f000 	C:\WINDOWS\System32\bcryptPrimitives.dll
0x00007ffce6f00000 - 0x00007ffce6f0e000 	C:\Program Files\Java\jdk-17.0.2\bin\instrument.dll
0x00007ffcd63d0000 - 0x00007ffcd63f5000 	C:\Program Files\Java\jdk-17.0.2\bin\java.dll

dbghelp: loaded successfully - version: 4.0.5 - missing functions: none
symbol engine: initialized successfully - sym options: 0x614 - pdb path: .;C:\Program Files\Java\jdk-17.0.2\bin;C:\WINDOWS\SYSTEM32;C:\WINDOWS\WinSxS\amd64_microsoft.windows.common-controls_6595b64144ccf1df_6.0.22000.120_none_9d947278b86cc467;C:\Program Files\Java\jdk-17.0.2\bin\server

VM Arguments:
jvm_args: -javaagent:C:\Program Files\JetBrains\IntelliJ IDEA Community Edition 2022.1\lib\idea_rt.jar=65170:C:\Program Files\JetBrains\IntelliJ IDEA Community Edition 2022.1\bin -Dfile.encoding=UTF-8 
java_command: Gun07._07_StringTrim
java_class_path (initial): C:\Users\musac\IdeaProjects\JavaKursu3\out\production\JavaKursu3
Launcher Type: SUN_STANDARD

[Global flags]
     intx CICompilerCount                          = 4                                         {product} {ergonomic}
     uint ConcGCThreads                            = 2                                         {product} {ergonomic}
     uint G1ConcRefinementThreads                  = 8                                         {product} {ergonomic}
   size_t G1HeapRegionSize                         = 1048576                                   {product} {ergonomic}
    uintx GCDrainStackTargetSize                   = 64                                        {product} {ergonomic}
   size_t InitialHeapSize                          = 132120576                                 {product} {ergonomic}
   size_t MarkStackSize                            = 4194304                                   {product} {ergonomic}
   size_t MaxHeapSize                              = 2095054848                                {product} {ergonomic}
   size_t MinHeapDeltaBytes                        = 1048576                                   {product} {ergonomic}
   size_t MinHeapSize                              = 8388608                                   {product} {ergonomic}
    uintx NonNMethodCodeHeapSize                   = 5839372                                {pd product} {ergonomic}
    uintx NonProfiledCodeHeapSize                  = 122909434                              {pd product} {ergonomic}
    uintx ProfiledCodeHeapSize                     = 122909434                              {pd product} {ergonomic}
    uintx ReservedCodeCacheSize                    = 251658240                              {pd product} {ergonomic}
     bool SegmentedCodeCache                       = true                                      {product} {ergonomic}
   size_t SoftMaxHeapSize                          = 2095054848                             {manageable} {ergonomic}
     bool UseCompressedClassPointers               = true                           {product lp64_product} {ergonomic}
     bool UseCompressedOops                        = true                           {product lp64_product} {ergonomic}
     bool UseG1GC                                  = true                                      {product} {ergonomic}
     bool UseLargePagesIndividualAllocation        = false                                  {pd product} {ergonomic}

Logging:
Log output configuration:
 #0: stdout all=warning uptime,level,tags
 #1: stderr all=off uptime,level,tags

Environment Variables:
PATH=C:\Program Files\Common Files\Oracle\Java\javapath;C:\Python310\Scripts\;C:\Python310\;C:\WINDOWS\system32;C:\WINDOWS;C:\WINDOWS\System32\Wbem;C:\WINDOWS\System32\WindowsPowerShell\v1.0\;C:\WINDOWS\System32\OpenSSH\;C:\ProgramData\chocolatey\bin;C:\Program Files\nodejs\;C:\Program Files\dotnet\;C:\Program Files\Microsoft SQL Server\130\Tools\Binn\;C:\Program Files\Microsoft SQL Server\Client SDK\ODBC\170\Tools\Binn\;C:\Program Files (x86)\Microsoft SQL Server\150\Tools\Binn\;C:\Program Files\Microsoft SQL Server\150\Tools\Binn\;C:\Program Files\Microsoft SQL Server\150\DTS\Binn\;C:\Program Files (x86)\Microsoft SQL Server\150\DTS\Binn\;C:\Program Files\Azure Data Studio\bin;C:\Program Files (x86)\dotnet\;C:\Users\musac\AppData\Local\Microsoft\WindowsApps;C:\Users\musac\AppData\Local\Programs\Microsoft VS Code\bin;C:\Users\musac\AppData\Roaming\npm;C:\Program Files\Java\jdk-17.0.2\bin;C:\Users\musac\.dotnet\tools;C:\Program Files\Azure Data Studio\bin
USERNAME=musac
OS=Windows_NT
PROCESSOR_IDENTIFIER=Intel64 Family 6 Model 140 Stepping 1, GenuineIntel



---------------  S Y S T E M  ---------------

OS:
 Windows 11 , 64 bit Build 22000 (10.0.22000.613)
OS uptime: 18 days 1:17 hours

CPU: total 8 (initial active 8) (4 cores per cpu, 2 threads per core) family 6 model 140 stepping 1 microcode 0x72, cx8, cmov, fxsr, ht, mmx, 3dnowpref, sse, sse2, sse3, ssse3, sse4.1, sse4.2, popcnt, lzcnt, tsc, tscinvbit, avx, avx2, aes, erms, clmul, bmi1, bmi2, adx, avx512f, avx512dq, avx512cd, avx512bw, avx512vl, sha, fma, vzeroupper, avx512_vpopcntdq, avx512_vpclmulqdq, avx512_vaes, avx512_vnni, clflush, clflushopt, clwb, avx512_vbmi2, avx512_vbmi

Memory: 4k page, system-wide physical 7991M (403M free)
TotalPageFile size 32567M (AvailPageFile size 122M)
current process WorkingSet (physical memory assigned to process): 10M, peak: 10M
current process commit charge ("private bytes"): 60M, peak: 186M

vm_info: Java HotSpot(TM) 64-Bit Server VM (17.0.2+8-LTS-86) for windows-amd64 JRE (17.0.2+8-LTS-86), built on Dec  7 2021 21:51:03 by "mach5one" with MS VC++ 16.8 / 16.9 (VS2019)

END.
